行 96: 控件 Slider5 的类 MSComctlLib.Slider 不是一个已加载的控件类。
行 135: 控件 Slider3 的类 MSComctlLib.Slider 不是一个已加载的控件类。
行 146: 控件 Slider1 的类 MSComctlLib.Slider 不是一个已加载的控件类。
行 158: 控件 Slider2 的类 MSComctlLib.Slider 不是一个已加载的控件类。
行 170: 控件 Slider4 的类 MSComctlLib.Slider 不是一个已加载的控件类。
行 102: 属性名 _ExtentX 在 Slider5 中是无效的。
行 103: 属性名 _ExtentY 在 Slider5 中是无效的。
行 104: 属性名 _Version 在 Slider5 中是无效的。
行 105: 属性名 Min 在 Slider5 中是无效的。
行 106: 属性名 Max 在 Slider5 中是无效的。
行 107: 属性名 SelStart 在 Slider5 中是无效的。
行 108: 属性名 Value 在 Slider5 中是无效的。
行 141: 属性名 _ExtentX 在 Slider3 中是无效的。
行 142: 属性名 _ExtentY 在 Slider3 中是无效的。
行 143: 属性名 _Version 在 Slider3 中是无效的。
行 144: 属性名 Max 在 Slider3 中是无效的。
行 152: 属性名 _ExtentX 在 Slider1 中是无效的。
行 153: 属性名 _ExtentY 在 Slider1 中是无效的。
行 154: 属性名 _Version 在 Slider1 中是无效的。
行 155: 属性名 LargeChange 在 Slider1 中是无效的。
行 156: 属性名 Max 在 Slider1 中是无效的。
行 164: 属性名 _ExtentX 在 Slider2 中是无效的。
行 165: 属性名 _ExtentY 在 Slider2 中是无效的。
行 166: 属性名 _Version 在 Slider2 中是无效的。
行 167: 属性名 LargeChange 在 Slider2 中是无效的。
行 168: 属性名 Max 在 Slider2 中是无效的。
行 176: 属性名 _ExtentX 在 Slider4 中是无效的。
行 177: 属性名 _ExtentY 在 Slider4 中是无效的。
行 178: 属性名 _Version 在 Slider4 中是无效的。
行 179: 属性名 LargeChange 在 Slider4 中是无效的。
行 180: 属性名 Min 在 Slider4 中是无效的。
行 181: 属性名 Max 在 Slider4 中是无效的。
行 182: 属性名 SelStart 在 Slider4 中是无效的。
行 183: 属性名 Value 在 Slider4 中是无效的。
